生成启动时间为 2017/5/25 21:57:54。
     1>项目“C:\Users\lyz\Desktop\GranuleJ-master\GOP\GranuleJIDE\GVM\GVM\GVM.vcxproj”在节点 2 上(build 个目标)。
     1>InitializeBuildStatus:
         正在创建“Debug\GVM.unsuccessfulbuild”，因为已指定“AlwaysCreate”。
       ClCompile:
         所有输出均为最新。
         d:\Program Files\VS2010\VC\bin\x86_amd64\CL.exe /c /I"D:\Program Files\Java\jdk1.7.0_17\include\win32" /I"D:\Program Files\Java\jdk1.7.0_17\include" /Zi /nologo /W3 /WX- /Od /D WIN32 /D _DEBUG /D _WINDOWS /D _USRDLL /D GVM_EXPORTS /D _WINDLL /D _UNICODE /D UNICODE /Gm- /EHsc /RTC1 /MDd /GS /fp:precise /Zc:wchar_t /Zc:forScope /Fo"Debug\\" /Fd"Debug\vc100.pdb" /Gd /TP /errorReport:prompt ..\main.cpp ..\MethodInvokeAgent.cpp
         main.cpp
     1>c:\users\lyz\desktop\granulej-master\gop\granulejide\gvm\MethodInvokeAgent.h(136): warning C4290: 忽略 C++ 异常规范，但指示函数不是 __declspec(nothrow)
     1>c:\users\lyz\desktop\granulej-master\gop\granulejide\gvm\MethodInvokeAgent.h(138): warning C4290: 忽略 C++ 异常规范，但指示函数不是 __declspec(nothrow)
     1>c:\users\lyz\desktop\granulej-master\gop\granulejide\gvm\MethodInvokeAgent.h(140): warning C4290: 忽略 C++ 异常规范，但指示函数不是 __declspec(nothrow)
     1>c:\users\lyz\desktop\granulej-master\gop\granulejide\gvm\MethodInvokeAgent.h(142): warning C4290: 忽略 C++ 异常规范，但指示函数不是 __declspec(nothrow)
     1>c:\users\lyz\desktop\granulej-master\gop\granulejide\gvm\MethodInvokeAgent.h(144): warning C4290: 忽略 C++ 异常规范，但指示函数不是 __declspec(nothrow)
     1>c:\users\lyz\desktop\granulej-master\gop\granulejide\gvm\MethodInvokeAgent.h(146): warning C4290: 忽略 C++ 异常规范，但指示函数不是 __declspec(nothrow)
     1>c:\users\lyz\desktop\granulej-master\gop\granulejide\gvm\MethodInvokeAgent.h(165): warning C4290: 忽略 C++ 异常规范，但指示函数不是 __declspec(nothrow)
         MethodInvokeAgent.cpp
     1>c:\users\lyz\desktop\granulej-master\gop\granulejide\gvm\MethodInvokeAgent.h(136): warning C4290: 忽略 C++ 异常规范，但指示函数不是 __declspec(nothrow)
     1>c:\users\lyz\desktop\granulej-master\gop\granulejide\gvm\MethodInvokeAgent.h(138): warning C4290: 忽略 C++ 异常规范，但指示函数不是 __declspec(nothrow)
     1>c:\users\lyz\desktop\granulej-master\gop\granulejide\gvm\MethodInvokeAgent.h(140): warning C4290: 忽略 C++ 异常规范，但指示函数不是 __declspec(nothrow)
     1>c:\users\lyz\desktop\granulej-master\gop\granulejide\gvm\MethodInvokeAgent.h(142): warning C4290: 忽略 C++ 异常规范，但指示函数不是 __declspec(nothrow)
     1>c:\users\lyz\desktop\granulej-master\gop\granulejide\gvm\MethodInvokeAgent.h(144): warning C4290: 忽略 C++ 异常规范，但指示函数不是 __declspec(nothrow)
     1>c:\users\lyz\desktop\granulej-master\gop\granulejide\gvm\MethodInvokeAgent.h(146): warning C4290: 忽略 C++ 异常规范，但指示函数不是 __declspec(nothrow)
     1>c:\users\lyz\desktop\granulej-master\gop\granulejide\gvm\MethodInvokeAgent.h(165): warning C4290: 忽略 C++ 异常规范，但指示函数不是 __declspec(nothrow)
     1>..\MethodInvokeAgent.cpp(76): warning C4290: 忽略 C++ 异常规范，但指示函数不是 __declspec(nothrow)
     1>..\MethodInvokeAgent.cpp(82): warning C4290: 忽略 C++ 异常规范，但指示函数不是 __declspec(nothrow)
     1>..\MethodInvokeAgent.cpp(92): warning C4290: 忽略 C++ 异常规范，但指示函数不是 __declspec(nothrow)
     1>..\MethodInvokeAgent.cpp(103): warning C4996: 'strcpy': This function or variable may be unsafe. Consider using strcpy_s instead. To disable deprecation, use _CRT_SECURE_NO_WARNINGS. See online help for details.
                 d:\Program Files\VS2010\VC\include\string.h(105) : 参见“strcpy”的声明
     1>..\MethodInvokeAgent.cpp(107): warning C4290: 忽略 C++ 异常规范，但指示函数不是 __declspec(nothrow)
     1>..\MethodInvokeAgent.cpp(122): warning C4290: 忽略 C++ 异常规范，但指示函数不是 __declspec(nothrow)
     1>..\MethodInvokeAgent.cpp(178): warning C4800: “jboolean”: 将值强制为布尔值“true”或“false”(性能警告)
         Generating Code...
       ManifestResourceCompile:
         所有输出均为最新。
       Link:
         d:\Program Files\VS2010\VC\bin\x86_amd64\link.exe /ERRORREPORT:PROMPT /OUT:"..\..\..\GranuleJIDE\GVM.dll" /INCREMENTAL /NOLOGO kernel32.lib user32.lib gdi32.lib winspool.lib comdlg32.lib advapi32.lib shell32.lib ole32.lib oleaut32.lib uuid.lib odbc32.lib odbccp32.lib /MANIFEST /ManifestFile:"Debug\GVM.dll.intermediate.manifest" /MANIFESTUAC:"level='asInvoker' uiAccess='false'" /DEBUG /PDB:"C:\Users\lyz\Desktop\GranuleJ-master\GOP\GranuleJIDE\GVM.pdb" /SUBSYSTEM:WINDOWS /TLBID:1 /DYNAMICBASE /NXCOMPAT /IMPLIB:"..\..\..\GranuleJIDE\GVM.lib" /MACHINE:X64 /DLL Debug\GVM.dll.embed.manifest.res
         Debug\main.obj
         Debug\MethodInvokeAgent.obj
            正在创建库 ..\..\..\GranuleJIDE\GVM.lib 和对象 ..\..\..\GranuleJIDE\GVM.exp
         GVM.vcxproj -> C:\Users\lyz\Desktop\GranuleJ-master\GOP\GranuleJIDE\GVM\GVM\..\..\..\GranuleJIDE\GVM.dll
       Manifest:
         C:\Program Files (x86)\Microsoft SDKs\Windows\v7.0A\bin\mt.exe /nologo /verbose /out:"Debug\GVM.dll.embed.manifest" /manifest Debug\GVM.dll.intermediate.manifest
         所有输出均为最新。
       LinkEmbedManifest:
         所有输出均为最新。
         GVM.vcxproj -> C:\Users\lyz\Desktop\GranuleJ-master\GOP\GranuleJIDE\GVM\GVM\..\..\..\GranuleJIDE\GVM.dll
       FinalizeBuildStatus:
         正在删除文件“Debug\GVM.unsuccessfulbuild”。
         正在对“Debug\GVM.lastbuildstate”执行 Touch 任务。
     1>已完成生成项目“C:\Users\lyz\Desktop\GranuleJ-master\GOP\GranuleJIDE\GVM\GVM\GVM.vcxproj”(build 个目标)的操作。

生成成功。

已用时间 00:00:02.89
